Script started on Fri 06 Feb 2015 03:29:09 AM CST
Hao@Turing:~/Work/BVH/SVM_learning/complete$ python mid_ex_f.py 
_rLT1D19WLPk Features Extracting ......
_26QOXNhu1xM Features Extracting ......
_q8y9rGGQNxA Features Extracting ......
Cost 212.988 sec.

_ESy2u_AySPA Features Extracting ......
Cost 162.155 sec.

_MRMgYk7sqds Features Extracting ......
Cost 389.198 sec.

_FydJucnb2Rk Features Extracting ......
Cost 392.773 sec.

_VBTKxmEZluI Features Extracting ......
Cost 185.818 sec.

_O30VdV2ims8 Features Extracting ......
Cost 177.611 sec.

_s8zbXfIiVwg Features Extracting ......
Cost 202.168 sec.

_J71rbIgVWgE Features Extracting ......
Cost 95.452 sec.

_kSPuNSdlit0 Features Extracting ......
Cost 143.931 sec.

_cHcZbQNSYn0 Features Extracting ......
Cost 182.539 sec.

_RNB8LMxMOlY Features Extracting ......
Cost 137.372 sec.

_ctnpjQaOZl8 Features Extracting ......
Cost 283.801 sec.

_4lbaIHhZFIw Features Extracting ......
Cost 242.393 sec.

_t6iq95QPZIg Features Extracting ......
Cost 299.233 sec.

_qfW9I1JErUw Features Extracting ......
Cost 161.033 sec.

_GOaLnDPUtgM Features Extracting ......
Cost 143.294 sec.

_gW4j9YTN2Vg Features Extracting ......
Cost 232.672 sec.

__Uezc5qd6SM Features Extracting ......
Cost 246.893 sec.

_ZNdyMA8kCis Features Extracting ......
Cost 542.592 sec.

_e5_yz2-qLeU Features Extracting ......
Cost 172.66 sec.

_dPrT3Jn7dTk Features Extracting ......
Cost 152.328 sec.

_wevnlJBmduk Features Extracting ......
Cost 240.553 sec.

_o0zynTAjl_k Features Extracting ......
Cost 343.511 sec.

_G0mNjmq0TiY Features Extracting ......
Cost 426.974 sec.

_QBHv4X-HbZo Features Extracting ......
Cost 203.655 sec.

_hGUI8ktit9o Features Extracting ......
Cost 119.757 sec.

_uXOo_HueRKY Features Extracting ......
Cost 78.187 sec.

_Fd3F3YY2GvU Features Extracting ......
Cost 369.61 sec.

_1l-LcTatM1k Features Extracting ......
Cost 299.111 sec.

_SrKVdzknw-0 Features Extracting ......
Cost 190.309 sec.

_JYi6yoOSVEM Features Extracting ......
Cost 124.486 sec.

_tzn6fRNAnFc Features Extracting ......
Cost 336.901 sec.

_PlVnrtJrEh0 Features Extracting ......
Cost 244.991 sec.

_XcoiXJaJNIQ Features Extracting ......
Cost 758.186 sec.

_jR_wBfxgZwE Features Extracting ......
Cost 218.219 sec.

_9A-_EhKDucY Features Extracting ......
Cost 326.692 sec.

_iPNj_4WZUdI Features Extracting ......
Cost 291.711 sec.

_-K3z37n2phc Features Extracting ......
Cost 164.141 sec.

_taL1n85droQ Features Extracting ......
Cost 388.017 sec.

_bZDK0A0Gt20 Features Extracting ......
Cost 114.285 sec.

_1v1RR8vCbnI Features Extracting ......
Cost 432.466 sec.

_VN7mAV1i3z4 Features Extracting ......
Cost 271.544 sec.

_yUaTAqaKgNk Features Extracting ......
Cost 214.701 sec.

_yxFSLrliJrw Features Extracting ......
Cost 615.312 sec.

_Vrr--TIfnL0 Features Extracting ......
Cost 199.089 sec.

_zrazft5rh_k Features Extracting ......
Cost 111.854 sec.

_urhmhGse--U Features Extracting ......
Cost 186.452 sec.

_4DG-RnzInR0 Features Extracting ......
Cost 151.79 sec.

_lzqHbv6QOr4 Features Extracting ......
Cost 269.694 sec.

_GK4m36CZBWs Features Extracting ......
Cost 470.575 sec.

_29tQn3fl3Ng Features Extracting ......
Cost 190.903 sec.

_50eBMwgR_uA Features Extracting ......
Cost 413.052 sec.

_AAZvC6VlWZo Features Extracting ......
Cost 516.006 sec.

_jzT4QC8GyhE Features Extracting ......
Cost 312.91 sec.

_5zWPzy2fSCY Features Extracting ......
Cost 196.093 sec.

_i_YK3eAW06Y Features Extracting ......
Cost 180.694 sec.

_GXV6eK_KiCI Features Extracting ......
Cost 189.486 sec.

_bm3_nYn4-MQ Features Extracting ......
Cost 185.865 sec.

_-l90TmzSPJk Features Extracting ......
Cost 175.225 sec.

_DtS3bCuDuxk Features Extracting ......
Cost 240.242 sec.

_xppdAX_tPLY Features Extracting ......
Cost 267.407 sec.

_bTqOT5Iw_-0 Features Extracting ......
Cost 247.139 sec.

___K_6DuKR88 Features Extracting ......
Cost 131.212 sec.

_CKGVmtU1K9k Features Extracting ......
Cost 120.061 sec.

_mQkOyJRxFlo Features Extracting ......
Cost 201.423 sec.

_4miHfa6wimI Features Extracting ......
Cost 105.657 sec.

_NVGF2AKH17w Features Extracting ......
Cost 130.322 sec.

_nheSrzNe5Yk Features Extracting ......
Cost 129.741 sec.

_ezQg8u8zv_k Features Extracting ......
Cost 150.265 sec.

_9b207COZ-oc Features Extracting ......
Cost 286.964 sec.

_Tu5qdzwYHHg Features Extracting ......
Cost 146.788 sec.

_J8NIZ5NkeXU Features Extracting ......
Cost 179.054 sec.

_2g1uC3e__CY Features Extracting ......
Cost 103.97 sec.

_1Qd7oahY-SY Features Extracting ......
Cost 132.076 sec.

_Twq6_P6pmT0 Features Extracting ......
Cost 151.159 sec.

_3oASQS9gcXE Features Extracting ......
Cost 85.904 sec.

_2OGtbmqoefQ Features Extracting ......
Cost 126.808 sec.

_Sepxh-K1Azg Features Extracting ......
Cost 244.195 sec.

_b5KxPwFQV8o Features Extracting ......
Cost 195.022 sec.

_KGlQ7XCXN8w Features Extracting ......
Cost 253.856 sec.

_kfqWLQp_WaE Features Extracting ......
Cost 123.847 sec.

_Y5AP7pKqf7g Features Extracting ......
Cost 159.914 sec.

_ZKNXZYQ23bQ Features Extracting ......
Cost 207.397 sec.

_XQbp2dBQdrA Features Extracting ......
Cost 192.97 sec.

_ClkQgGlFcug Features Extracting ......
Cost 179.054 sec.

_2pvNCRN1-Qo Features Extracting ......
Cost 306.727 sec.

_xbagHxjBU_c Features Extracting ......
Cost 497.728 sec.

_agOIq73Dihg Features Extracting ......
Cost 1226.646 sec.

_Z56zPgsXLyw Features Extracting ......
Cost 134.98 sec.

_a0LySzLPjH0 Features Extracting ......
Cost 542.711 sec.

__TW-lLtXlFE Features Extracting ......
Cost 293.834 sec.

_QZR1bEpkkCY Features Extracting ......
Cost 219.201 sec.

_9AWg7zR_3kA Features Extracting ......
Cost 242.076 sec.

_1qrqqjDVOdQ Features Extracting ......
Cost 319.876 sec.

_VoZvE99ypW4 Features Extracting ......
Cost 211.749 sec.

_kapCynb6W2M Features Extracting ......
Cost 273.673 sec.

_hJxFcDEKmmM Features Extracting ......
Cost 246.077 sec.

_HyiBK1uQQVE Features Extracting ......
Cost 329.52 sec.

_4GqW8zGqQZ0 Features Extracting ......
Cost 153.677 sec.

_RvU7ne1NLbQ Features Extracting ......
Cost 317.524 sec.

_GpY5PBYO_rM Features Extracting ......
Cost 160.073 sec.

_IBS5ohsSQfo Features Extracting ......
Cost 91.34 sec.

_9dTzc-F4H4I Features Extracting ......
Cost 243.212 sec.

_0aYri97B2ak Features Extracting ......
Cost 236.329 sec.

_ZUYK_QDC4cQ Features Extracting ......
Cost 120.814 sec.

_POl_o3grZRw Features Extracting ......
Cost 236.437 sec.

_ui7wc7v9ddQ Features Extracting ......
Cost 174.323 sec.

_KPy61p4nkuQ Features Extracting ......
Cost 140.888 sec.

_4VxR7ic2XcQ Features Extracting ......
Cost 136.643 sec.

_XsT-dd4vmFI Features Extracting ......
Cost 146.867 sec.

_QQFwyXzkLzA Features Extracting ......
Cost 291.284 sec.

_Tqi6w9tj69U Features Extracting ......
Cost 149.437 sec.

_-ZSWGi6Bxok Features Extracting ......
Cost 218.628 sec.

_kHwtdjIk2KA Features Extracting ......
Cost 887.435 sec.

_LsaDpSv8xlY Features Extracting ......
Cost 153.875 sec.

_6rlQXu7izBI Features Extracting ......
Cost 112.142 sec.

_ibMoHMzFBHA Features Extracting ......
Cost 95.194 sec.

_5Db1IR-OrV8 Features Extracting ......
Cost 249.087 sec.

_8Ceh05qmTno Features Extracting ......
Cost 143.64 sec.

_PSM7T3wIQf8 Features Extracting ......
Cost 957.188 sec.

_LeLsUPURBfc Features Extracting ......
Cost 233.858 sec.

_sNByWOjcxts Features Extracting ......
Cost 140.86 sec.

_uEyGlr_WRPo Features Extracting ......
Cost 780.634 sec.

_egVuo5ryZT0 Features Extracting ......
Cost 684.97 sec.

_EXvT8QbEMfQ Features Extracting ......
Cost 196.587 sec.

_4E8EbC3KTaQ Features Extracting ......
Cost 229.425 sec.

_OOM-a7IdfH4 Features Extracting ......
Cost 310.819 sec.

_v9kh1RxKrfQ Features Extracting ......
Cost 173.167 sec.

_rn26usEx6-c Features Extracting ......
Cost 88.104 sec.

_pLk7gASa3MY Features Extracting ......
Cost 490.409 sec.

_fY_xY0uNyAQ Features Extracting ......
Cost 389.773 sec.

_eGA5tbX8oH0 Features Extracting ......
Cost 176.613 sec.

_3GudI7YTTqM Features Extracting ......
Cost 253.998 sec.

_2m9P3XYkEB0 Features Extracting ......
Cost 179.627 sec.

_NSoHQvxjFys Features Extracting ......
Cost 236.036 sec.

_vZVu0_Tyy2E Features Extracting ......
Cost 382.242 sec.

_5Vo378mO9q8 Features Extracting ......
Cost 271.221 sec.

_F8nvLdcT3qc Features Extracting ......
Cost 242.233 sec.

_8w8YeELHZko Features Extracting ......
Cost 377.95 sec.

_2X1_EmcBGz0 Features Extracting ......
Cost 220.978 sec.

_L_ZUocucAgc Features Extracting ......
Cost 91.601 sec.

_rKCAMpZ_4Ro Features Extracting ......
Cost 226.671 sec.

_dBBGpsTBi6w Features Extracting ......
Cost 128.458 sec.

_Iz3T07L_pyw Features Extracting ......
Cost 139.94 sec.

__s5lwjetwCU Features Extracting ......
Cost 223.157 sec.

_sXYKXyXCM6c Features Extracting ......
Cost 245.328 sec.

_n0uYUoWAy6A Features Extracting ......
Cost 259.07 sec.

_1M7YfmrUe2c Features Extracting ......
Cost 108.395 sec.

_MR93hhfo_78 Features Extracting ......
Cost 347.396 sec.

_azs7z0JWtKA Features Extracting ......
Cost 229.815 sec.

_ylI_5FYwWYY Features Extracting ......
Cost 68.821 sec.

_6RRGGPWr1pQ Features Extracting ......
Cost 65.764 sec.

_sb1nHNy0tlE Features Extracting ......
Cost 682.385 sec.

_io9SxQXcYzo Features Extracting ......
Cost 173.26 sec.

_DLBZ_oAyxG4 Features Extracting ......
Cost 506.953 sec.

_oY6vftWkmVw Features Extracting ......
Cost 271.273 sec.

_9sEZoXtTvDk Features Extracting ......
Cost 536.775 sec.

_2stuDVzeOjw Features Extracting ......
Cost 247.354 sec.

_g0E3-SkrIHk Features Extracting ......
Cost 160.378 sec.

_BEc0qQt5dgs Features Extracting ......
Cost 340.039 sec.

_-l3FX_xxjuE Features Extracting ......
Cost 47.049 sec.

_4ISUWNnqt58 Features Extracting ......
Cost 206.193 sec.

_Gvae13fSKv8 Features Extracting ......
Cost 180.924 sec.

_Whr5aqjQu7M Features Extracting ......
Cost 87.601 sec.

_L_MIA7jSBlA Features Extracting ......
Cost 142.868 sec.

_1oX_gYkD-eI Features Extracting ......
Cost 681.686 sec.

_d-7lVNhpG_0 Features Extracting ......
Cost 296.959 sec.

_SKTDn6J3MYI Features Extracting ......
Cost 304.255 sec.

_BG5EaAT8cFU Features Extracting ......
Cost 326.74 sec.

_3eH2TwTsEJg Features Extracting ......
Cost 319.675 sec.

_EYX1rIe3SaQ Features Extracting ......
Cost 386.462 sec.

_ICY9eV6u2Sg Features Extracting ......
Cost 257.363 sec.

_RGqfvkgPV5M Features Extracting ......
Cost 163.299 sec.

__MRsr77qzuE Features Extracting ......
Cost 182.67 sec.

_MvdjBqAgSoY Features Extracting ......
Cost 129.265 sec.

_Fkgtka_7ZVI Features Extracting ......
Cost 208.202 sec.

_pl2MXg0xoUg Features Extracting ......
Cost 215.137 sec.

_avz2abtqGFs Features Extracting ......
Cost 124.547 sec.

_P6fh6uOBvIU Features Extracting ......
Cost 187.531 sec.

_hmXjk0HFIS8 Features Extracting ......
Cost 311.704 sec.

_fAp2K57quS4 Features Extracting ......
Cost 71.844 sec.

_gA4wfmUhgEs Features Extracting ......
Cost 174.13 sec.

_ffZsXDxSaIQ Features Extracting ......
Cost 135.133 sec.

_J2WcUDchLaI Features Extracting ......
Cost 128.651 sec.

_R4ASPqoa8yk Features Extracting ......
Cost 185.116 sec.

_TVCTLnu-Hso Features Extracting ......
Cost 187.971 sec.

_xMcp6_0GNOY Features Extracting ......
Cost 399.982 sec.

_ZFfyITyQ9tk Features Extracting ......
Cost 303.245 sec.

_3wFXEoqh5qQ Features Extracting ......
Cost 205.681 sec.

_i7d07v-kRZs Features Extracting ......
Cost 91.063 sec.

_P9a3ucJm1vU Features Extracting ......
Cost 213.19 sec.

_o0X_y3EI5Oc Features Extracting ......
Cost 316.865 sec.

_w7hEF1wJb1g Features Extracting ......
Cost 243.436 sec.

_a_nUWrotqbI Features Extracting ......
Cost 119.339 sec.

_LsRD_cuR4bY Features Extracting ......
Cost 262.948 sec.

_5gZdToOq_Ho Features Extracting ......
Cost 106.604 sec.

_RD_88T3WQI8 Features Extracting ......
Cost 198.978 sec.

_u9cRV6hGR_U Features Extracting ......
Cost 271.134 sec.

_VeJMkDoS5u4 Features Extracting ......
Cost 132.088 sec.

_F3KrSxct5Wg Features Extracting ......
Cost 1054.835 sec.

_ociS34qM084 Features Extracting ......
Cost 337.68 sec.

_f1NtNkgKeIE Features Extracting ......
Cost 402.292 sec.

_FYSmJLgD87A Features Extracting ......
Cost 208.512 sec.

_XuuyZ95n-Pg Features Extracting ......
Cost 424.347 sec.

_i4G5fWzpMWg Features Extracting ......
Cost 178.844 sec.

_KtaVuvLSyV4 Features Extracting ......
Cost 313.228 sec.

_rWLsFKiXr5M Features Extracting ......
Cost 448.848 sec.

_nCWsPxfM0SY Features Extracting ......
Cost 158.36 sec.

_fCDQQXYejvI Features Extracting ......
Cost 183.313 sec.

_Axn-1hhVj1Q Features Extracting ......
Cost 124.234 sec.

_0WD0PeTbSQI Features Extracting ......
Cost 198.21 sec.

_YbFnrkeH7IA Features Extracting ......
Cost 150.289 sec.

_yyxvwGWy2vg Features Extracting ......
Cost 371.318 sec.

_e3A074nVIBM Features Extracting ......
Cost 111.156 sec.

_lmc0ynhZSas Features Extracting ......
Cost 164.763 sec.

_KoATKEUEFuU Features Extracting ......
Cost 256.852 sec.

_dnFkg2SnU-M Features Extracting ......
Cost 131.864 sec.

_DCji9AKMLcY Features Extracting ......
Cost 269.065 sec.

_mxJdf75ImXk Features Extracting ......
Cost 415.998 sec.

_-OpkvPXBA98 Features Extracting ......
Cost 252.182 sec.

_379eiiZ0330 Features Extracting ......
Cost 255.486 sec.

_yMeul1x9W14 Features Extracting ......
Cost 185.262 sec.

_1moGYiW9hd8 Features Extracting ......
Cost 255.481 sec.

_kJesFmUu_is Features Extracting ......
Cost 194.597 sec.

_az_Vlgy5dbM Features Extracting ......
Cost 324.982 sec.

_iTEybnj7w6Q Features Extracting ......
Cost 297.553 sec.

_aKAfRXSgsI4 Features Extracting ......
Cost 375.883 sec.

_xkNQwGibYq0 Features Extracting ......
Cost 100.744 sec.

_H9zU_0W6lIQ Features Extracting ......
Cost 653.025 sec.

_Hst3Xw9h_Is Features Extracting ......
Cost 331.422 sec.

__o6ENsoQtEg Features Extracting ......
Cost 372.537 sec.

_plp2ydSYAhY Features Extracting ......
Cost 319.259 sec.

_NTsgBAVSOmw Features Extracting ......
Cost 275.168 sec.

_2UpOGNJCqPo Features Extracting ......
Cost 209.041 sec.

_UYHl4clkQuY Features Extracting ......
Cost 408.927 sec.

_fh-AXSmQ75M Features Extracting ......
Cost 177.925 sec.

_f81R_3Em6Cg Features Extracting ......
Cost 544.983 sec.

_Fv3YN7QJCIE Features Extracting ......
Cost 163.875 sec.

_MM5aSeElLuA Features Extracting ......
Cost 175.205 sec.

_HpXjfgkbvUE Features Extracting ......
Cost 171.87 sec.

_RQU66uPkBJE Features Extracting ......
Cost 135.225 sec.

_UJSncoGq_Tw Features Extracting ......
Cost 160.795 sec.

_IiN9n9Zm54A Features Extracting ......
Cost 134.285 sec.

_F4APJqLXwvI Features Extracting ......
Cost 97.806 sec.

_UXjjqEX80Q4 Features Extracting ......
Cost 177.409 sec.

_NpwMX11yW4w Features Extracting ......
Cost 144.359 sec.

_r_FwAL9Y0G4 Features Extracting ......
Cost 162.646 sec.

_nt9iccISVk0 Features Extracting ......
Cost 248.09 sec.

_Mgu7jgeLiAg Features Extracting ......
Cost 527.391 sec.

_zdr2684JB2M Features Extracting ......
Cost 122.685 sec.

_O32Yq2zXiRs Features Extracting ......
Cost 203.431 sec.

_8oiWQf1gwGI Features Extracting ......
Cost 268.89 sec.

_OL4VCFxf7Fo Features Extracting ......
Cost 311.321 sec.

_5pXrtX9B2aI Features Extracting ......
Cost 189.773 sec.

_-035_OGQvJU Features Extracting ......
Cost 173.011 sec.

_hdy2N520GFM Features Extracting ......
Cost 82.454 sec.

_wF3qZzkHHRc Features Extracting ......
Cost 236.528 sec.

_z0V-HRMS8Zc Features Extracting ......
Cost 155.924 sec.

_XrhSQnS4h7g Features Extracting ......
Cost 170.983 sec.

_hzeGjVxzyOU Features Extracting ......
Cost 148.966 sec.

_TWWgyJrjSBk Features Extracting ......
Cost 114.145 sec.

_lx1AeVDS0Sw Features Extracting ......
Cost 203.219 sec.

_B9fUu2XN97I Features Extracting ......
Cost 127.668 sec.

_J4we1X4IZLA Features Extracting ......
Cost 209.48 sec.

_Rpict1BZ8ng Features Extracting ......
Cost 96.511 sec.

_VaVq81SHiuI Features Extracting ......
Cost 426.464 sec.

_y65NQymV5dQ Features Extracting ......
Cost 65.289 sec.

_CQTWV3zJuTo Features Extracting ......
Cost 188.16 sec.

_vLTXI6VdYmg Features Extracting ......
Cost 235.593 sec.

_qwoMamd0y8c Features Extracting ......
Cost 125.64 sec.

_SR75eTJvoTo Features Extracting ......
Cost 179.403 sec.

_kgxyCMEvpZ8 Features Extracting ......
Cost 251.728 sec.

_mLmAqxUNQNU Features Extracting ......
Cost 193.684 sec.

_JT5lNa1k3YI Features Extracting ......
Cost 126.404 sec.

_bdyOWHEZV7Y Features Extracting ......
Cost 249.447 sec.

_SwhlFw1BEH4 Features Extracting ......
Cost 128.079 sec.

_LPQ97pJ8SxQ Features Extracting ......
Cost 147.964 sec.

_GUp0w83U47M Features Extracting ......
Cost 116.294 sec.

_8gAcMmafF6Q Features Extracting ......
Cost 139.683 sec.

_YNlz7ALxQCI Features Extracting ......
Cost 499.906 sec.

_VvTUeND8ab4 Features Extracting ......
Cost 83.612 sec.

_Jyo2qodITvg Features Extracting ......
Cost 128.426 sec.

_pqna6nxIDmo Features Extracting ......
Cost 153.223 sec.

_97Wk2-_MJgE Features Extracting ......
Cost 175.884 sec.

_M8YbzCbausg Features Extracting ......
Cost 96.029 sec.

_ZsMEk3THsxo Features Extracting ......
Cost 78.159 sec.

_FW_gNOYU43w Features Extracting ......
Cost 267.502 sec.

_3EkN-QcfzAc Features Extracting ......
Cost 160.682 sec.

_pC7mNjLpB74 Features Extracting ......
Cost 141.074 sec.

_Q6Vb2yHWtAo Features Extracting ......
Cost 480.842 sec.

_z5r1HfNY7Zs Features Extracting ......
Cost 390.493 sec.

_LiXj2GYwahs Features Extracting ......
Cost 169.305 sec.

_K-N3o16JDMk Features Extracting ......
Cost 121.981 sec.

_fOqpj0JRnqE Features Extracting ......
Cost 239.323 sec.

_gsXsJ79rnSI Features Extracting ......
Cost 128.873 sec.

_S8VXGBVh9qc Features Extracting ......
Cost 207.702 sec.

_RMvZGztWGps Features Extracting ......
Cost 252.486 sec.

_2Fal7e6RfLA Features Extracting ......
Cost 191.828 sec.

_08Kbg9HtVTA Features Extracting ......
Cost 112.331 sec.

_e2VKL0qmFlo Features Extracting ......
Cost 208.25 sec.

_EHQ9MtBibXw Features Extracting ......
Cost 145.675 sec.

_wiQtOeO0IdE Features Extracting ......
Cost 197.086 sec.

_xze2hePXXDs Features Extracting ......
Cost 135.457 sec.

_cpLj9fsINQ8 Features Extracting ......
Cost 130.903 sec.

_Th8HkRmJIy0 Features Extracting ......
Cost 322.432 sec.

_xkmWfqdguHc Features Extracting ......
Cost 93.42 sec.

_xZVvM8Su01s Features Extracting ......
Cost 171.006 sec.

_Jg95EAIJdw8 Features Extracting ......
Cost 300.503 sec.

_yFT6ymx6KJQ Features Extracting ......
Cost 117.714 sec.

_3HHa4rUg9P4 Features Extracting ......
Cost 162.38 sec.

_1fc059z2lb8 Features Extracting ......
Cost 167.528 sec.

_yxErEl6MRfU Features Extracting ......
Cost 136.165 sec.

_wwa3KwARwpQ Features Extracting ......
Cost 125.916 sec.

_np9RbHJxFig Features Extracting ......
Cost 167.37 sec.

_3y6z5I4D9m0 Features Extracting ......
Cost 127.758 sec.

_gondIvgifQY Features Extracting ......
Cost 88.427 sec.

_-i57ej055tw Features Extracting ......
Cost 141.031 sec.

_cO_7Ne1XtuI Features Extracting ......
Cost 612.18 sec.

_am_d2DEBa5g Features Extracting ......
Cost 159.121 sec.

_PmwqvMVXFtU Features Extracting ......
Cost 141.652 sec.

_2qli4R8CkNM Features Extracting ......
Cost 110.766 sec.

_P28vzD7c0k4 Features Extracting ......
Cost 121.094 sec.

_C1cHFhmon2c Features Extracting ......
Cost 278.55 sec.

_ePzmH0qpkts Features Extracting ......
Cost 136.194 sec.

_SgUSxyHW7XA Features Extracting ......
Cost 203.018 sec.

_9C_qyNAiFW4 Features Extracting ......
Cost 155.112 sec.

_TieIi-xHcOQ Features Extracting ......
Cost 101.972 sec.

_b40oFTeKA04 Features Extracting ......
Cost 144.32 sec.

_TGyKCElOSrQ Features Extracting ......
Cost 66.004 sec.

_w_H4DZuOfIg Features Extracting ......
Cost 148.262 sec.

_xhZL3FoZhO0 Features Extracting ......
Cost 181.905 sec.

__49QnViiQ3U Features Extracting ......
Cost 344.775 sec.

_1QhDNSdFWNA Features Extracting ......
Cost 157.313 sec.

_mI8bXEUsUAs Features Extracting ......
Cost 115.681 sec.

_rVKwRO4VFb4 Features Extracting ......
Cost 126.415 sec.

_37frcfXDCi8 Features Extracting ......
Cost 251.017 sec.

_OT0k6GNzJPk Features Extracting ......
Cost 112.527 sec.

_ehjVqupnqYY Features Extracting ......
Cost 137.056 sec.

_OYZYasqYvqc Features Extracting ......
Cost 275.664 sec.

_lWWqfWr9xJE Features Extracting ......
Cost 147.633 sec.

_SEUvAfH-Br4 Features Extracting ......
Cost 139.896 sec.

_fY2guZlgrz4 Features Extracting ......
Cost 160.811 sec.

_fEepIrJoVvQ Features Extracting ......
Cost 146.045 sec.

_jga89U5lUeg Features Extracting ......
Cost 239.348 sec.

_gtdmU0JQRn0 Features Extracting ......
Cost 519.741 sec.

_F_IWSefbTGk Features Extracting ......
Cost 129.467 sec.

_YdYrF1UZUls Features Extracting ......
Cost 151.202 sec.

_NCJtGCyJpvw Features Extracting ......
Cost 129.769 sec.

_jsnSl8DIr5A Features Extracting ......
Cost 180.905 sec.

_PYfmYigdntk Features Extracting ......
Cost 227.243 sec.

_9VTB0tu6SXg Features Extracting ......
Cost 581.687 sec.

_O1XSRdx73kA Features Extracting ......
Cost 166.782 sec.

_24p00aoRpsY Features Extracting ......
Cost 102.94 sec.

_pvbF6kDhWyU Features Extracting ......
Cost 67.858 sec.

_yhsyediGdHc Features Extracting ......
Cost 298.255 sec.

_Ka8Gqr31-vo Features Extracting ......
Cost 146.942 sec.

_RH5Pmoe7U2o Features Extracting ......
Cost 209.967 sec.

_PkenYHDfpOc Features Extracting ......
Cost 231.318 sec.

_1IRPTHDTKG0 Features Extracting ......
Cost 156.893 sec.

_pKdzzMMn-6s Features Extracting ......
Cost 204.016 sec.

_hOty4pY7sk0 Features Extracting ......
Cost 284.337 sec.

_ECs_Xh5uXp8 Features Extracting ......
Cost 129.594 sec.

_HJRmlMTYnwc Features Extracting ......
Cost 233.816 sec.

_-zxN_8wRDik Features Extracting ......
Cost 82.51 sec.

_8oOPn1t0Wiw Features Extracting ......
Cost 203.627 sec.

_b9hJB8YT1s4 Features Extracting ......
Cost 171.788 sec.

_OyVPXM3SJF4 Features Extracting ......
Cost 120.414 sec.

_flufB1IXPis Features Extracting ......
Cost 457.747 sec.

_PmAo6r9s5oY Features Extracting ......
Cost 99.351 sec.

_83b_HmR1jLs Features Extracting ......
Cost 178.449 sec.

_d5eIZypqWsQ Features Extracting ......
Cost 141.734 sec.

_0e7d39SwHCA Features Extracting ......
Cost 203.207 sec.

_UbRFEZwoya8 Features Extracting ......
Cost 181.987 sec.

_uh1iigQi2Sw Features Extracting ......
Cost 1026.391 sec.

_SM0Xy17bTYM Features Extracting ......
Cost 115.974 sec.

_UpjZNUWNaww Features Extracting ......
Cost 149.822 sec.

_pdXMUH18Woc Features Extracting ......
Cost 276.786 sec.

_tKypWekJCn8 Features Extracting ......
Cost 127.803 sec.

_xnQJ2SY4YT0 Features Extracting ......
Cost 162.612 sec.

_oe3ompzpJl8 Features Extracting ......
Cost 219.342 sec.

_ZYqsevRDtPc Features Extracting ......
Cost 243.923 sec.

_A5CGQn8sN_4 Features Extracting ......
Cost 352.902 sec.

_jvmX2g4MA0E Features Extracting ......
Cost 278.564 sec.

_2ZIsxGVo-Ik Features Extracting ......
Cost 159.351 sec.

_8r97knl3Ivk Features Extracting ......
Cost 151.372 sec.

_NLxZDX35tiI Features Extracting ......
Cost 188.595 sec.

_1GcugiYsLvc Features Extracting ......
Cost 184.814 sec.

_Lz9IWE2S81I Features Extracting ......
Cost 227.545 sec.

_M95pPYMwMZw Features Extracting ......
Cost 165.656 sec.

_sH70ad9UEXI Features Extracting ......
Cost 400.382 sec.

_Hh7LesnlvYA Features Extracting ......
Cost 109.295 sec.

_tKd1ITZvb2c Features Extracting ......
Cost 255.742 sec.

_jcGVYoJIers Features Extracting ......
Cost 144.405 sec.

_ht8l-Etvmlw Features Extracting ......
Cost 264.881 sec.

_9rsh-jcfgmY Features Extracting ......
Cost 94.966 sec.

_VdNQyxHnwqU Features Extracting ......
Cost 192.651 sec.

_yg6tRIGfEJI Features Extracting ......
Cost 205.175 sec.

_tLRE_sH73UQ Features Extracting ......
Cost 286.094 sec.

_dVv7pIf18lg Features Extracting ......
Cost 268.664 sec.

_2LeSL6S2v2U Features Extracting ......
Cost 166.433 sec.

Cost 227.396 sec.

_SBpI7qQ9rd4 Features Extracting ......
Cost 233.831 sec.

_rEU_X9x4riA Features Extracting ......
Cost 104.973 sec.

_B9sfVBwSWCI Features Extracting ......
Cost 230.34 sec.

_3S8UgWEB218 Features Extracting ......
Cost 340.3 sec.

_TvWxHUeRqLA Features Extracting ......
Cost 110.997 sec.

_-ZamwCtJqTs Features Extracting ......
Cost 282.377 sec.

_5Sxw9AnzMjM Features Extracting ......
Cost 163.439 sec.

_k8xUAfct034 Features Extracting ......
Cost 141.926 sec.

_09IFCFQmzMs Features Extracting ......
Cost 148.472 sec.

_aeLy8FP-WBc Features Extracting ......
Cost 120.764 sec.

_jd87W9CAzNA Features Extracting ......
Cost 254.833 sec.

_7CLiTwGp6XE Features Extracting ......
Cost 165.899 sec.

_VeY0J-z0hsY Features Extracting ......
Cost 91.361 sec.

Cost 164.027 sec.

_WMG5CbkhBQk Features Extracting ......
Cost 178.307 sec.

_obPcbYZdPw4 Features Extracting ......
Cost 121.831 sec.

_i3dnIkkUuYY Features Extracting ......
Cost 89.751 sec.

_h30XoghuHRg Features Extracting ......
Cost 232.444 sec.

_Say3uo9sxPE Features Extracting ......
Cost 127.745 sec.

_ltfZZKfwKAs Features Extracting ......
Cost 124.364 sec.

_MuXvfEt-HyU Features Extracting ......
Cost 122.243 sec.

Hao@Turing:~/Work/BVH/SVM_learning/complete$ [KHao@Turing:~/Work/BVH/SVM_learning/complete$ exit
exit

Script done on Fri 06 Feb 2015 01:38:11 PM CST
